# JRE version: Java(TM) SE Runtime Environment (16.0+36) (build 16+36-2231)
# Java VM: Java HotSpot(TM) 64-Bit Server VM (16+36-2231, mixed mode, sharing, tiered, compressed oops, g1 gc, windows-amd64)
GC Precious Log:
 CPUs: 4 total, 4 available
 Memory: 4013M
 Large Page Support: Disabled
 NUMA Support: Disabled
 Compressed Oops: Enabled (32-bit)
 Heap Region Size: 1M
 Heap Min Capacity: 8M
 Heap Initial Capacity: 64M
 Heap Max Capacity: 1004M
 Pre-touch: Disabled
 Parallel Workers: 4
 Concurrent Workers: 1
 Concurrent Refinement Workers: 4
 Periodic GC: Disabled
Heap:
 garbage-first heap   total 53248K, used 20505K [0x00000000c1400000, 0x0000000100000000)
  region size 1024K, 7 young (7168K), 2 survivors (2048K)
 Metaspace       used 24337K, committed 24640K, reserved 1073152K
  class space    used 2708K, committed 2880K, reserved 1048576K
GC Heap History (18 events):
Event: 1.488 GC heap before
{Heap before GC invocations=0 (full 0):
 garbage-first heap   total 65536K, used 15360K [0x00000000c1400000, 0x0000000100000000)
  region size 1024K, 13 young (13312K), 0 survivors (0K)
 Metaspace       used 13230K, committed 13504K, reserved 1064960K
  class space    used 1566K, committed 1728K, reserved 1048576K
}
Event: 1.495 GC heap after
{Heap after GC invocations=1 (full 0):
 garbage-first heap   total 65536K, used 6566K [0x00000000c1400000, 0x0000000100000000)
  region size 1024K, 2 young (2048K), 2 survivors (2048K)
 Metaspace       used 13230K, committed 13504K, reserved 1064960K
  class space    used 1566K, committed 1728K, reserved 1048576K
}
Event: 1.834 GC heap before
{Heap before GC invocations=1 (full 0):
 garbage-first heap   total 65536K, used 11686K [0x00000000c1400000, 0x0000000100000000)
  region size 1024K, 5 young (5120K), 2 survivors (2048K)
 Metaspace       used 15484K, committed 15744K, reserved 1064960K
  class space    used 1796K, committed 1920K, reserved 1048576K
}
Event: 1.839 GC heap after
{Heap after GC invocations=2 (full 0):
 garbage-first heap   total 65536K, used 9845K [0x00000000c1400000, 0x0000000100000000)
  region size 1024K, 1 young (1024K), 1 survivors (1024K)
 Metaspace       used 15484K, committed 15744K, reserved 1064960K
  class space    used 1796K, committed 1920K, reserved 1048576K
}
Event: 40.282 GC heap before
{Heap before GC invocations=2 (full 0):
 garbage-first heap   total 65536K, used 38517K [0x00000000c1400000, 0x0000000100000000)
  region size 1024K, 22 young (22528K), 1 survivors (1024K)
 Metaspace       used 19749K, committed 20032K, reserved 1073152K
  class space    used 2172K, committed 2304K, reserved 1048576K
}
Event: 40.286 GC heap after
{Heap after GC invocations=3 (full 0):
 garbage-first heap   total 65536K, used 12777K [0x00000000c1400000, 0x0000000100000000)
  region size 1024K, 3 young (3072K), 3 survivors (3072K)
 Metaspace       used 19749K, committed 20032K, reserved 1073152K
  class space    used 2172K, committed 2304K, reserved 1048576K
}
Event: 40.402 GC heap before
{Heap before GC invocations=3 (full 0):
 garbage-first heap   total 65536K, used 14825K [0x00000000c1400000, 0x0000000100000000)
  region size 1024K, 6 young (6144K), 3 survivors (3072K)
 Metaspace       used 21016K, committed 21248K, reserved 1073152K
  class space    used 2313K, committed 2432K, reserved 1048576K
}
Event: 40.405 GC heap after
{Heap after GC invocations=4 (full 0):
 garbage-first heap   total 65536K, used 13292K [0x00000000c1400000, 0x0000000100000000)
  region size 1024K, 3 young (3072K), 3 survivors (3072K)
 Metaspace       used 21016K, committed 21248K, reserved 1073152K
  class space    used 2313K, committed 2432K, reserved 1048576K
}
Event: 201.768 GC heap before
{Heap before GC invocations=5 (full 0):
 garbage-first heap   total 51200K, used 46060K [0x00000000c1400000, 0x0000000100000000)
  region size 1024K, 33 young (33792K), 3 survivors (3072K)
 Metaspace       used 24267K, committed 24512K, reserved 1073152K
  class space    used 2705K, committed 2816K, reserved 1048576K
}
Event: 201.772 GC heap after
{Heap after GC invocations=6 (full 0):
 garbage-first heap   total 53248K, used 15492K [0x00000000c1400000, 0x0000000100000000)
  region size 1024K, 2 young (2048K), 2 survivors (2048K)
 Metaspace       used 24267K, committed 24512K, reserved 1073152K
  class space    used 2705K, committed 2816K, reserved 1048576K
}
Event: 235.603 GC heap before
{Heap before GC invocations=6 (full 0):
 garbage-first heap   total 53248K, used 35972K [0x00000000c1400000, 0x0000000100000000)
  region size 1024K, 23 young (23552K), 2 survivors (2048K)
 Metaspace       used 24278K, committed 24512K, reserved 1073152K
  class space    used 2705K, committed 2816K, reserved 1048576K
}
Event: 235.605 GC heap after
{Heap after GC invocations=7 (full 0):
 garbage-first heap   total 53248K, used 15146K [0x00000000c1400000, 0x0000000100000000)
  region size 1024K, 2 young (2048K), 2 survivors (2048K)
 Metaspace       used 24278K, committed 24512K, reserved 1073152K
  class space    used 2705K, committed 2816K, reserved 1048576K
}
Event: 271.012 GC heap before
{Heap before GC invocations=7 (full 0):
 garbage-first heap   total 53248K, used 36650K [0x00000000c1400000, 0x0000000100000000)
  region size 1024K, 24 young (24576K), 2 survivors (2048K)
 Metaspace       used 24291K, committed 24512K, reserved 1073152K
  class space    used 2705K, committed 2816K, reserved 1048576K
}
Event: 271.013 GC heap after
{Heap after GC invocations=8 (full 0):
 garbage-first heap   total 53248K, used 15120K [0x00000000c1400000, 0x0000000100000000)
  region size 1024K, 2 young (2048K), 2 survivors (2048K)
 Metaspace       used 24291K, committed 24512K, reserved 1073152K
  class space    used 2705K, committed 2816K, reserved 1048576K
}
Event: 307.940 GC heap before
{Heap before GC invocations=8 (full 0):
 garbage-first heap   total 53248K, used 37648K [0x00000000c1400000, 0x0000000100000000)
  region size 1024K, 25 young (25600K), 2 survivors (2048K)
 Metaspace       used 24291K, committed 24512K, reserved 1073152K
  class space    used 2705K, committed 2816K, reserved 1048576K
}
Event: 307.942 GC heap after
{Heap after GC invocations=9 (full 0):
 garbage-first heap   total 53248K, used 15124K [0x00000000c1400000, 0x0000000100000000)
  region size 1024K, 2 young (2048K), 2 survivors (2048K)
 Metaspace       used 24291K, committed 24512K, reserved 1073152K
  class space    used 2705K, committed 2816K, reserved 1048576K
}
Event: 346.415 GC heap before
{Heap before GC invocations=9 (full 0):
 garbage-first heap   total 53248K, used 38676K [0x00000000c1400000, 0x0000000100000000)
  region size 1024K, 26 young (26624K), 2 survivors (2048K)
 Metaspace       used 24311K, committed 24576K, reserved 1073152K
  class space    used 2705K, committed 2816K, reserved 1048576K
}
Event: 346.417 GC heap after
{Heap after GC invocations=10 (full 0):
 garbage-first heap   total 53248K, used 15385K [0x00000000c1400000, 0x0000000100000000)
  region size 1024K, 2 young (2048K), 2 survivors (2048K)
 Metaspace       used 24311K, committed 24576K, reserved 1073152K
  class space    used 2705K, committed 2816K, reserved 1048576K
}

